# JRE version: OpenJDK Runtime Environment (11.0.4+10) (build 11.0.4+10-b304.77)
# Java VM: OpenJDK 64-Bit Server VM (11.0.4+10-b304.77, mixed mode, tiered, compressed oops, g1 gc, windows-amd64)
Heap:
 garbage-first heap   total 312320K, used 209529K [0x0000000703200000, 0x0000000800000000)
  region size 1024K, 183 young (187392K), 12 survivors (12288K)
 Metaspace       used 72479K, capacity 74138K, committed 74408K, reserved 1114112K
  class space    used 9208K, capacity 9865K, committed 9944K, reserved 1048576K
GC Heap History (10 events):
Event: 2.923 GC heap after
{Heap after GC invocations=5 (full 0):
 garbage-first heap   total 260096K, used 14906K [0x0000000703200000, 0x0000000800000000)
  region size 1024K, 8 young (8192K), 8 survivors (8192K)
 Metaspace       used 34492K, capacity 35251K, committed 35452K, reserved 1081344K
  class space    used 4123K, capacity 4448K, committed 4480K, reserved 1048576K
}
Event: 3.030 GC heap before
{Heap before GC invocations=5 (full 0):
 garbage-first heap   total 260096K, used 22074K [0x0000000703200000, 0x0000000800000000)
  region size 1024K, 16 young (16384K), 8 survivors (8192K)
 Metaspace       used 35204K, capacity 35971K, committed 36048K, reserved 1081344K
  class space    used 4233K, capacity 4559K, committed 4608K, reserved 1048576K
}
Event: 3.036 GC heap after
{Heap after GC invocations=6 (full 0):
 garbage-first heap   total 312320K, used 15559K [0x0000000703200000, 0x0000000800000000)
  region size 1024K, 9 young (9216K), 9 survivors (9216K)
 Metaspace       used 35204K, capacity 35971K, committed 36048K, reserved 1081344K
  class space    used 4233K, capacity 4559K, committed 4608K, reserved 1048576K
}
Event: 5.551 GC heap before
{Heap before GC invocations=7 (full 0):
 garbage-first heap   total 312320K, used 174279K [0x0000000703200000, 0x0000000800000000)
  region size 1024K, 166 young (169984K), 9 survivors (9216K)
 Metaspace       used 59277K, capacity 60443K, committed 60496K, reserved 1101824K
  class space    used 7561K, capacity 8017K, committed 8064K, reserved 1048576K
}
Event: 5.570 GC heap after
{Heap after GC invocations=8 (full 0):
 garbage-first heap   total 312320K, used 23911K [0x0000000703200000, 0x0000000800000000)
  region size 1024K, 17 young (17408K), 17 survivors (17408K)
 Metaspace       used 59277K, capacity 60443K, committed 60496K, reserved 1101824K
  class space    used 7561K, capacity 8017K, committed 8064K, reserved 1048576K
}
Event: 7099.612 GC heap before
{Heap before GC invocations=9 (full 0):
 garbage-first heap   total 312320K, used 193895K [0x0000000703200000, 0x0000000800000000)
  region size 1024K, 183 young (187392K), 17 survivors (17408K)
 Metaspace       used 71724K, capacity 73430K, committed 73640K, reserved 1114112K
  class space    used 9206K, capacity 9865K, committed 9944K, reserved 1048576K
}
Event: 7099.637 GC heap after
{Heap after GC invocations=10 (full 0):
 garbage-first heap   total 312320K, used 30655K [0x0000000703200000, 0x0000000800000000)
  region size 1024K, 17 young (17408K), 17 survivors (17408K)
 Metaspace       used 71724K, capacity 73430K, committed 73640K, reserved 1114112K
  class space    used 9206K, capacity 9865K, committed 9944K, reserved 1048576K
}
Event: 79977.103 GC heap before
{Heap before GC invocations=10 (full 0):
 garbage-first heap   total 312320K, used 200639K [0x0000000703200000, 0x0000000800000000)
  region size 1024K, 183 young (187392K), 17 survivors (17408K)
 Metaspace       used 72176K, capacity 73882K, committed 74152K, reserved 1114112K
  class space    used 9207K, capacity 9865K, committed 9944K, reserved 1048576K
}
Event: 79977.135 GC heap after
{Heap after GC invocations=11 (full 0):
 garbage-first heap   total 312320K, used 34425K [0x0000000703200000, 0x0000000800000000)
  region size 1024K, 12 young (12288K), 12 survivors (12288K)
 Metaspace       used 72176K, capacity 73882K, committed 74152K, reserved 1114112K
  class space    used 9207K, capacity 9865K, committed 9944K, reserved 1048576K
}
Event: 104880.075 GC heap before
{Heap before GC invocations=11 (full 0):
 garbage-first heap   total 312320K, used 209529K [0x0000000703200000, 0x0000000800000000)
  region size 1024K, 183 young (187392K), 12 survivors (12288K)
 Metaspace       used 72479K, capacity 74138K, committed 74408K, reserved 1114112K
  class space    used 9208K, capacity 9865K, committed 9944K, reserved 1048576K
}

